0 info it worked if it ends with ok
1 verbose cli [ '/usr/local/bin/node',
1 verbose cli   '/usr/local/bin/npm',
1 verbose cli   'publish',
1 verbose cli   './kieran.boggs/cordova-alert-plugin' ]
2 info using npm@3.10.3
3 info using node@v6.7.0
4 verbose publish [ './kieran.boggs/cordova-alert-plugin' ]
5 silly cache add args [ './kieran.boggs/cordova-alert-plugin', null ]
6 verbose cache add spec ./kieran.boggs/cordova-alert-plugin
7 silly cache add parsed spec Result {
7 silly cache add   raw: './kieran.boggs/cordova-alert-plugin',
7 silly cache add   scope: null,
7 silly cache add   escapedName: null,
7 silly cache add   name: null,
7 silly cache add   rawSpec: './kieran.boggs/cordova-alert-plugin',
7 silly cache add   spec: '/Volumes/DONNEES/kieran.boggs/cordova-alert-plugin/kieran.boggs/cordova-alert-plugin',
7 silly cache add   type: 'local' }
8 error addLocal Could not install /Volumes/DONNEES/kieran.boggs/cordova-alert-plugin/kieran.boggs/cordova-alert-plugin
9 verbose stack Error: ENOENT: no such file or directory, open '/Volumes/DONNEES/kieran.boggs/cordova-alert-plugin/kieran.boggs/cordova-alert-plugin'
9 verbose stack     at Error (native)
10 verbose cwd /Volumes/DONNEES/kieran.boggs/cordova-alert-plugin
11 error Darwin 15.6.0
12 error argv "/usr/local/bin/node" "/usr/local/bin/npm" "publish" "./kieran.boggs/cordova-alert-plugin"
13 error node v6.7.0
14 error npm  v3.10.3
15 error path /Volumes/DONNEES/kieran.boggs/cordova-alert-plugin/kieran.boggs/cordova-alert-plugin
16 error code ENOENT
17 error errno -2
18 error syscall open
19 error enoent ENOENT: no such file or directory, open '/Volumes/DONNEES/kieran.boggs/cordova-alert-plugin/kieran.boggs/cordova-alert-plugin'
20 error enoent ENOENT: no such file or directory, open '/Volumes/DONNEES/kieran.boggs/cordova-alert-plugin/kieran.boggs/cordova-alert-plugin'
20 error enoent This is most likely not a problem with npm itself
20 error enoent and is related to npm not being able to find a file.
21 verbose exit [ -2, true ]
